<?xml version="1.0" encoding="UTF-8" standalone="no"?><testsuite errors="0" failures="1" name="Passenger registration in FleetGuard360 Feature 3" skipped="0" tests="1" time="3.29" timestamp="2025-11-28 11:35:32"><testcase name="Successful user registration with valid data"><failure message="&#10;Expected: a string containing &quot;Ingresa tus credenciales para acceder a tu cuenta&quot;&#10;     but: was &quot;Completa todos los campos obligatorios para registrarte en FleetGuard360&quot;" type="java.lang.AssertionError">
Expected: a string containing "Ingresa tus credenciales para acceder a tu cuenta"
     but: was "Completa todos los campos obligatorios para registrarte en FleetGuard360"</failure><system-err>
Expected: a string containing "Ingresa tus credenciales para acceder a tu cuenta"
     but: was "Completa todos los campos obligatorios para registrarte en FleetGuard360"&#13;
com.udea.FleetGuard360F3.stepdefinitions.RegisterStepDefinition.iCanSeeTheLoginPage(RegisterStepDefinition.java:65)&#13;
worker.org.gradle.process.internal.worker.GradleWorkerMain.run(GradleWorkerMain.java:69)&#13;
worker.org.gradle.process.internal.worker.GradleWorkerMain.main(GradleWorkerMain.java:74)&#13;
</system-err></testcase></testsuite>